<?xml version="1.0" encoding="UTF-8"?>
<!-- Generated by org.testng.reporters.JUnitReportReporter -->
<testsuite skipped="0" hostname="QTLSYS2-34" name="pack.AA_TN_LOC_Prod_1" tests="1" failures="0" timestamp="07 Feb 2020 09:17:39 GMT" time="146.891" errors="0">
  <testcase name="Loan_Draw1_Draw2ACH_statement_Rescind_Draw_EOD_DLQ" time="146.891" classname="pack.AA_TN_LOC_Prod_1"/>
</testsuite> <!-- pack.AA_TN_LOC_Prod_1 -->
