<?xml version="1.0" encoding="UTF-8"?>
<!-- Generated by org.testng.reporters.JUnitReportReporter -->
<testsuite skipped="0" hostname="qtlsys2-139" name="pack.AA_FL_PDL" tests="1" failures="0" timestamp="17 Oct 2019 06:35:29 GMT" time="396.001" errors="0">
  <testcase name="NewLoan_Depost_Return_Redeposit_ProcessClear_Refund" time="396.001" classname="pack.AA_FL_PDL"/>
</testsuite> <!-- pack.AA_FL_PDL -->
