<?xml version="1.0" encoding="UTF-8"?>
<!-- Generated by org.testng.reporters.JUnitReportReporter -->
<testsuite skipped="0" hostname="qtlsys2-139" name="pack.AA_WY_PDL" tests="1" failures="0" timestamp="23 Dec 2019 08:50:38 GMT" time="21.506" errors="0">
  <testcase name="LoanwithACH_NACHA_ACHDepProc_ProcessClear" time="21.506" classname="pack.AA_WY_PDL"/>
</testsuite> <!-- pack.AA_WY_PDL -->
