<?xml version="1.0" encoding="UTF-8"?>
<!-- Generated by org.testng.reporters.JUnitReportReporter -->
<testsuite skipped="68" hostname="QTLSYS2-94" name="pack.EPP_ILP" tests="70" failures="0" timestamp="18 Jul 2019 09:41:07 GMT" time="1.997" errors="2">
  <testcase name="BorrowerRegistration_ActiveMilitary_NewLoanNotProcessed_" time="0.695" classname="pack.EPP_ILP">
    <error type="org.openqa.selenium.StaleElementReferenceException" message="Element is no longer valid (WARNING: The server did not provide any stacktrace information)
Command duration or timeout: 0 milliseconds
For documentation on this error, please visit: http://seleniumhq.org/exceptions/stale_element_reference.html
Build info: version: &#039;3.14.0&#039;, revision: &#039;aacccce0&#039;, time: &#039;2018-08-02T20:19:58.91Z&#039;
System info: host: &#039;QTLSYS2-94&#039;, ip: &#039;192.168.2.94&#039;, os.name: &#039;Windows 7&#039;, os.arch: &#039;amd64&#039;, os.version: &#039;6.1&#039;, java.version: &#039;1.8.0_171&#039;
Driver info: org.openqa.selenium.ie.InternetExplorerDriver
Capabilities {browserAttachTimeout: 0, browserName: internet explorer, cssSelectorsEnabled: true, elementScrollBehavior: 0, enableElementCacheCleanup: true, enablePersistentHover: true, handlesAlerts: true, ie.browserCommandLineSwitches: , ie.ensureCleanSession: false, ie.forceCreateProcessApi: false, ie.usePerProcessProxy: false, ignoreProtectedModeSettings: false, ignoreZoomSetting: false, initialBrowserUrl: http://localhost:32043/, javascriptEnabled: true, nativeEvents: true, platform: WINDOWS, platformName: WINDOWS, requireWindowFocus: false, takesScreenshot: true, unexpectedAlertBehaviour: dismiss, unhandledPromptBehavior: dismiss, version: 11}
Session ID: 72b03860-f094-4ccc-a8e7-8a585a5be11c">
      <![CDATA[org.openqa.selenium.StaleElementReferenceException: Element is no longer valid (WARNING: The server did not provide any stacktrace information)
Command duration or timeout: 0 milliseconds
For documentation on this error, please visit: http://seleniumhq.org/exceptions/stale_element_reference.html
Build info: version: '3.14.0', revision: 'aacccce0', time: '2018-08-02T20:19:58.91Z'
System info: host: 'QTLSYS2-94', ip: '192.168.2.94', os.name: 'Windows 7', os.arch: 'amd64', os.version: '6.1', java.version: '1.8.0_171'
Driver info: org.openqa.selenium.ie.InternetExplorerDriver
Capabilities {browserAttachTimeout: 0, browserName: internet explorer, cssSelectorsEnabled: true, elementScrollBehavior: 0, enableElementCacheCleanup: true, enablePersistentHover: true, handlesAlerts: true, ie.browserCommandLineSwitches: , ie.ensureCleanSession: false, ie.forceCreateProcessApi: false, ie.usePerProcessProxy: false, ignoreProtectedModeSettings: false, ignoreZoomSetting: false, initialBrowserUrl: http://localhost:32043/, javascriptEnabled: true, nativeEvents: true, platform: WINDOWS, platformName: WINDOWS, requireWindowFocus: false, takesScreenshot: true, unexpectedAlertBehaviour: dismiss, unhandledPromptBehavior: dismiss, version: 11}
Session ID: 72b03860-f094-4ccc-a8e7-8a585a5be11c
at sun.reflect.NativeConstructorAccessorImpl.newInstance0(Native Method)
at sun.reflect.NativeConstructorAccessorImpl.newInstance(Unknown Source)
at sun.reflect.DelegatingConstructorAccessorImpl.newInstance(Unknown Source)
at java.lang.reflect.Constructor.newInstance(Unknown Source)
at org.openqa.selenium.remote.ErrorHandler.createThrowable(ErrorHandler.java:214)
at org.openqa.selenium.remote.ErrorHandler.throwIfResponseFailed(ErrorHandler.java:166)
at org.openqa.selenium.remote.http.JsonHttpResponseCodec.reconstructValue(JsonHttpResponseCodec.java:40)
at org.openqa.selenium.remote.http.AbstractHttpResponseCodec.decode(AbstractHttpResponseCodec.java:80)
at org.openqa.selenium.remote.http.AbstractHttpResponseCodec.decode(AbstractHttpResponseCodec.java:44)
at org.openqa.selenium.remote.HttpCommandExecutor.execute(HttpCommandExecutor.java:158)
at org.openqa.selenium.remote.service.DriverCommandExecutor.execute(DriverCommandExecutor.java:83)
at org.openqa.selenium.remote.RemoteWebDriver.execute(RemoteWebDriver.java:548)
at org.openqa.selenium.remote.RemoteWebElement.execute(RemoteWebElement.java:276)
at org.openqa.selenium.remote.RemoteWebElement.clear(RemoteWebElement.java:118)
at pack.Login.Login(Login.java:61)
at pack.AA_CO_ILP.BorrowerRegistration_ActiveMilitary_NewLoanNotProcessed_(AA_CO_ILP.java:1135)
at sun.reflect.NativeMethodAccessorImpl.invoke0(Native Method)
at sun.reflect.NativeMethodAccessorImpl.invoke(Unknown Source)
at sun.reflect.DelegatingMethodAccessorImpl.invoke(Unknown Source)
at java.lang.reflect.Method.invoke(Unknown Source)
at org.testng.internal.MethodInvocationHelper.invokeMethod(MethodInvocationHelper.java:124)
at org.testng.internal.Invoker.invokeMethod(Invoker.java:583)
at org.testng.internal.Invoker.invokeTestMethod(Invoker.java:719)
at org.testng.internal.Invoker.invokeTestMethods(Invoker.java:989)
at org.testng.internal.TestMethodWorker.invokeTestMethods(TestMethodWorker.java:125)
at org.testng.internal.TestMethodWorker.run(TestMethodWorker.java:109)
at org.testng.TestRunner.privateRun(TestRunner.java:648)
at org.testng.TestRunner.run(TestRunner.java:505)
at org.testng.SuiteRunner.runTest(SuiteRunner.java:455)
at org.testng.SuiteRunner.runSequentially(SuiteRunner.java:450)
at org.testng.SuiteRunner.privateRun(SuiteRunner.java:415)
at org.testng.SuiteRunner.run(SuiteRunner.java:364)
at org.testng.SuiteRunnerWorker.runSuite(SuiteRunnerWorker.java:52)
at org.testng.SuiteRunnerWorker.run(SuiteRunnerWorker.java:84)
at org.testng.TestNG.runSuitesSequentially(TestNG.java:1208)
at org.testng.TestNG.runSuitesLocally(TestNG.java:1137)
at org.testng.TestNG.runSuites(TestNG.java:1049)
at org.testng.TestNG.run(TestNG.java:1017)
at org.testng.remote.AbstractRemoteTestNG.run(AbstractRemoteTestNG.java:114)
at org.testng.remote.RemoteTestNG.initAndRun(RemoteTestNG.java:251)
at org.testng.remote.RemoteTestNG.main(RemoteTestNG.java:77)
]]>
    </error>
  </testcase> <!-- BorrowerRegistration_ActiveMilitary_NewLoanNotProcessed_ -->
  <testcase name="Login_Homescreen_Borrower_Registration_NewLoan_verify_" time="0.011" classname="pack.EPP_ILP">
    <skipped/>
  </testcase> <!-- Login_Homescreen_Borrower_Registration_NewLoan_verify_ -->
  <testcase name="getResult" time="0.033" classname="pack.EPP_ILP">
    <error type="org.openqa.selenium.NoSuchWindowException" message="Unable to get browser (WARNING: The server did not provide any stacktrace information)
Command duration or timeout: 0 milliseconds
Build info: version: &#039;3.14.0&#039;, revision: &#039;aacccce0&#039;, time: &#039;2018-08-02T20:19:58.91Z&#039;
System info: host: &#039;QTLSYS2-94&#039;, ip: &#039;192.168.2.94&#039;, os.name: &#039;Windows 7&#039;, os.arch: &#039;amd64&#039;, os.version: &#039;6.1&#039;, java.version: &#039;1.8.0_171&#039;
Driver info: org.openqa.selenium.ie.InternetExplorerDriver
Capabilities {browserAttachTimeout: 0, browserName: internet explorer, cssSelectorsEnabled: true, elementScrollBehavior: 0, enableElementCacheCleanup: true, enablePersistentHover: true, handlesAlerts: true, ie.browserCommandLineSwitches: , ie.ensureCleanSession: false, ie.forceCreateProcessApi: false, ie.usePerProcessProxy: false, ignoreProtectedModeSettings: false, ignoreZoomSetting: false, initialBrowserUrl: http://localhost:32043/, javascriptEnabled: true, nativeEvents: true, platform: WINDOWS, platformName: WINDOWS, requireWindowFocus: false, takesScreenshot: true, unexpectedAlertBehaviour: dismiss, unhandledPromptBehavior: dismiss, version: 11}
Session ID: 72b03860-f094-4ccc-a8e7-8a585a5be11c">
      <![CDATA[org.openqa.selenium.NoSuchWindowException: Unable to get browser (WARNING: The server did not provide any stacktrace information)
Command duration or timeout: 0 milliseconds
Build info: version: '3.14.0', revision: 'aacccce0', time: '2018-08-02T20:19:58.91Z'
System info: host: 'QTLSYS2-94', ip: '192.168.2.94', os.name: 'Windows 7', os.arch: 'amd64', os.version: '6.1', java.version: '1.8.0_171'
Driver info: org.openqa.selenium.ie.InternetExplorerDriver
Capabilities {browserAttachTimeout: 0, browserName: internet explorer, cssSelectorsEnabled: true, elementScrollBehavior: 0, enableElementCacheCleanup: true, enablePersistentHover: true, handlesAlerts: true, ie.browserCommandLineSwitches: , ie.ensureCleanSession: false, ie.forceCreateProcessApi: false, ie.usePerProcessProxy: false, ignoreProtectedModeSettings: false, ignoreZoomSetting: false, initialBrowserUrl: http://localhost:32043/, javascriptEnabled: true, nativeEvents: true, platform: WINDOWS, platformName: WINDOWS, requireWindowFocus: false, takesScreenshot: true, unexpectedAlertBehaviour: dismiss, unhandledPromptBehavior: dismiss, version: 11}
Session ID: 72b03860-f094-4ccc-a8e7-8a585a5be11c
at sun.reflect.NativeConstructorAccessorImpl.newInstance0(Native Method)
at sun.reflect.NativeConstructorAccessorImpl.newInstance(Unknown Source)
at sun.reflect.DelegatingConstructorAccessorImpl.newInstance(Unknown Source)
at java.lang.reflect.Constructor.newInstance(Unknown Source)
at org.openqa.selenium.remote.ErrorHandler.createThrowable(ErrorHandler.java:214)
at org.openqa.selenium.remote.ErrorHandler.throwIfResponseFailed(ErrorHandler.java:166)
at org.openqa.selenium.remote.http.JsonHttpResponseCodec.reconstructValue(JsonHttpResponseCodec.java:40)
at org.openqa.selenium.remote.http.AbstractHttpResponseCodec.decode(AbstractHttpResponseCodec.java:80)
at org.openqa.selenium.remote.http.AbstractHttpResponseCodec.decode(AbstractHttpResponseCodec.java:44)
at org.openqa.selenium.remote.HttpCommandExecutor.execute(HttpCommandExecutor.java:158)
at org.openqa.selenium.remote.service.DriverCommandExecutor.execute(DriverCommandExecutor.java:83)
at org.openqa.selenium.remote.RemoteWebDriver.execute(RemoteWebDriver.java:548)
at org.openqa.selenium.remote.RemoteWebDriver.execute(RemoteWebDriver.java:605)
at org.openqa.selenium.remote.RemoteWebDriver.getScreenshotAs(RemoteWebDriver.java:294)
at pack.AA_CO_ILP.getScreenhot(AA_CO_ILP.java:4540)
at pack.AA_CO_ILP.getResult(AA_CO_ILP.java:4521)
at sun.reflect.NativeMethodAccessorImpl.invoke0(Native Method)
at sun.reflect.NativeMethodAccessorImpl.invoke(Unknown Source)
at sun.reflect.DelegatingMethodAccessorImpl.invoke(Unknown Source)
at java.lang.reflect.Method.invoke(Unknown Source)
at org.testng.internal.MethodInvocationHelper.invokeMethod(MethodInvocationHelper.java:124)
at org.testng.internal.MethodInvocationHelper.invokeMethodConsideringTimeout(MethodInvocationHelper.java:59)
at org.testng.internal.Invoker.invokeConfigurationMethod(Invoker.java:458)
at org.testng.internal.Invoker.invokeConfigurations(Invoker.java:222)
at org.testng.internal.Invoker.invokeMethod(Invoker.java:646)
at org.testng.internal.Invoker.invokeTestMethod(Invoker.java:719)
at org.testng.internal.Invoker.invokeTestMethods(Invoker.java:989)
at org.testng.internal.TestMethodWorker.invokeTestMethods(TestMethodWorker.java:125)
at org.testng.internal.TestMethodWorker.run(TestMethodWorker.java:109)
at org.testng.TestRunner.privateRun(TestRunner.java:648)
at org.testng.TestRunner.run(TestRunner.java:505)
at org.testng.SuiteRunner.runTest(SuiteRunner.java:455)
at org.testng.SuiteRunner.runSequentially(SuiteRunner.java:450)
at org.testng.SuiteRunner.privateRun(SuiteRunner.java:415)
at org.testng.SuiteRunner.run(SuiteRunner.java:364)
at org.testng.SuiteRunnerWorker.runSuite(SuiteRunnerWorker.java:52)
at org.testng.SuiteRunnerWorker.run(SuiteRunnerWorker.java:84)
at org.testng.TestNG.runSuitesSequentially(TestNG.java:1208)
at org.testng.TestNG.runSuitesLocally(TestNG.java:1137)
at org.testng.TestNG.runSuites(TestNG.java:1049)
at org.testng.TestNG.run(TestNG.java:1017)
at org.testng.remote.AbstractRemoteTestNG.run(AbstractRemoteTestNG.java:114)
at org.testng.remote.RemoteTestNG.initAndRun(RemoteTestNG.java:251)
at org.testng.remote.RemoteTestNG.main(RemoteTestNG.java:77)
]]>
    </error>
  </testcase> <!-- getResult -->
  <testcase name="Login_Homescreen_Borrower_Registration_NewLoan_Monthly" time="0.020" classname="pack.EPP_ILP">
    <skipped/>
  </testcase> <!-- Login_Homescreen_Borrower_Registration_NewLoan_Monthly -->
  <testcase name="Login_Homescreen_Borrower_Registration_NewLoan_BiWeekly__" time="0.020" classname="pack.EPP_ILP">
    <skipped/>
  </testcase> <!-- Login_Homescreen_Borrower_Registration_NewLoan_BiWeekly__ -->
  <testcase name="Login_Homescreen_Borrower_Registration_NewLoan_Weekly_" time="0.022" classname="pack.EPP_ILP">
    <skipped/>
  </testcase> <!-- Login_Homescreen_Borrower_Registration_NewLoan_Weekly_ -->
  <testcase name="Login_Homescreen_Borrower_Registration_NewLoan_ACH_" time="0.012" classname="pack.EPP_ILP">
    <skipped/>
  </testcase> <!-- Login_Homescreen_Borrower_Registration_NewLoan_ACH_ -->
  <testcase name="Login_Homescreen_Borrower_Registration_NewLoan_MultiDisb_" time="0.012" classname="pack.EPP_ILP">
    <skipped/>
  </testcase> <!-- Login_Homescreen_Borrower_Registration_NewLoan_MultiDisb_ -->
  <testcase name="CO_ILP_NewLoanVoid" time="0.013" classname="pack.EPP_ILP">
    <skipped/>
  </testcase> <!-- CO_ILP_NewLoanVoid -->
  <testcase name="loan_VoidEncryption" time="0.019" classname="pack.EPP_ILP">
    <skipped/>
  </testcase> <!-- loan_VoidEncryption -->
  <testcase name="CO_ILP_NewLoanRescind" time="0.011" classname="pack.EPP_ILP">
    <skipped/>
  </testcase> <!-- CO_ILP_NewLoanRescind -->
  <testcase name="CO_ILP_MultipleDisbNewLoan_Void" time="0.031" classname="pack.EPP_ILP">
    <skipped/>
  </testcase> <!-- CO_ILP_MultipleDisbNewLoan_Void -->
  <testcase name="LonI_StoreDateafterRescindPeriod_Payment_selectpayanyotheramt_Pymtamtlessthan1stint" time="0.011" classname="pack.EPP_ILP">
    <skipped/>
  </testcase> <!-- LonI_StoreDateafterRescindPeriod_Payment_selectpayanyotheramt_Pymtamtlessthan1stint -->
  <testcase name="LonI_RunEODbatchon1Instduedate_Payment_PayPastDue_NextInstallment" time="0.012" classname="pack.EPP_ILP">
    <skipped/>
  </testcase> <!-- LonI_RunEODbatchon1Instduedate_Payment_PayPastDue_NextInstallment -->
  <testcase name="LonI_RunEODbatchon1Instduedate_AgainEODbatchfrom10thdayof1stInstduedate_Payment_Pastdue_1stInstamt" time="0.013" classname="pack.EPP_ILP">
    <skipped/>
  </testcase> <!-- LonI_RunEODbatchon1Instduedate_AgainEODbatchfrom10thdayof1stInstduedate_Payment_Pastdue_1stInstamt -->
  <testcase name="LonI_StoreDateafterRescindPeriod_Payment_selectpayanyotheramt_Pymtamtlessthan1stint_VoidPymt" time="0.016" classname="pack.EPP_ILP">
    <skipped/>
  </testcase> <!-- LonI_StoreDateafterRescindPeriod_Payment_selectpayanyotheramt_Pymtamtlessthan1stint_VoidPymt -->
  <testcase name="LonI_RunEODbatchon1Instduedate_Payment_PayPastDue_NextInstallment_VoidPymt" time="0.018" classname="pack.EPP_ILP">
    <skipped/>
  </testcase> <!-- LonI_RunEODbatchon1Instduedate_Payment_PayPastDue_NextInstallment_VoidPymt -->
  <testcase name="LonI_RunEODbatchon1Instduedate_AgainEODbatchfrom10thdayof1stInstduedate_Payment_Pastdue_1stInstamt_Void" time="0.208" classname="pack.EPP_ILP">
    <skipped/>
  </testcase> <!-- LonI_RunEODbatchon1Instduedate_AgainEODbatchfrom10thdayof1stInstduedate_Payment_Pastdue_1stInstamt_Void -->
  <testcase name="Loan_Deposit_Rtn_paymentLessthanLoanAmount" time="0.014" classname="pack.EPP_ILP">
    <skipped/>
  </testcase> <!-- Loan_Deposit_Rtn_paymentLessthanLoanAmount -->
  <testcase name="Loan_Deposit_Rtn_paymentGreaterthanLoanAmount" time="0.012" classname="pack.EPP_ILP">
    <skipped/>
  </testcase> <!-- Loan_Deposit_Rtn_paymentGreaterthanLoanAmount -->
  <testcase name="Loan_Deposit_RTN_EODBatchon10days_PaymentGeterthanLoanAmount" time="0.020" classname="pack.EPP_ILP">
    <skipped/>
  </testcase> <!-- Loan_Deposit_RTN_EODBatchon10days_PaymentGeterthanLoanAmount -->
  <testcase name="LonI_1stInstdeposit_return_Payment_lessthan1stInstamount_VoidPayment" time="0.012" classname="pack.EPP_ILP">
    <skipped/>
  </testcase> <!-- LonI_1stInstdeposit_return_Payment_lessthan1stInstamount_VoidPayment -->
  <testcase name="Loan_Deposit_Rtn_paymentLessthanLoanAmount_Void" time="0.012" classname="pack.EPP_ILP">
    <skipped/>
  </testcase> <!-- Loan_Deposit_Rtn_paymentLessthanLoanAmount_Void -->
  <testcase name="Loan_1stDep_Ret_EODBatch10daysDueDate_PmtGreaterthanInstAmt_Void_" time="0.014" classname="pack.EPP_ILP">
    <skipped/>
  </testcase> <!-- Loan_1stDep_Ret_EODBatch10daysDueDate_PmtGreaterthanInstAmt_Void_ -->
  <testcase name="Loan_PaymentinCSRPortel" time="0.019" classname="pack.EPP_ILP">
    <skipped/>
  </testcase> <!-- Loan_PaymentinCSRPortel -->
  <testcase name="AA_Loan_1stInstallmentPayments" time="0.016" classname="pack.EPP_ILP">
    <skipped/>
  </testcase> <!-- AA_Loan_1stInstallmentPayments -->
  <testcase name="Loan_PaymentinCSRPortel_Void" time="0.016" classname="pack.EPP_ILP">
    <skipped/>
  </testcase> <!-- Loan_PaymentinCSRPortel_Void -->
  <testcase name="Loan_Pmt1stInstdate_Pmt2ndInstdate_void_EODBatch10days2Inst_payoff_" time="0.014" classname="pack.EPP_ILP">
    <skipped/>
  </testcase> <!-- Loan_Pmt1stInstdate_Pmt2ndInstdate_void_EODBatch10days2Inst_payoff_ -->
  <testcase name="Loan_Deposit_Rtn_payoff" time="0.012" classname="pack.EPP_ILP">
    <skipped/>
  </testcase> <!-- Loan_Deposit_Rtn_payoff -->
  <testcase name="Loan_Deposit_Rtn_clear_2InstDeposit_Return_EODBatchprocess_payoff" time="0.016" classname="pack.EPP_ILP">
    <skipped/>
  </testcase> <!-- Loan_Deposit_Rtn_clear_2InstDeposit_Return_EODBatchprocess_payoff -->
  <testcase name="Loan_Deposit_Rtn_Payoff_Void" time="0.020" classname="pack.EPP_ILP">
    <skipped/>
  </testcase> <!-- Loan_Deposit_Rtn_Payoff_Void -->
  <testcase name="Loan_DepositACH_" time="0.012" classname="pack.EPP_ILP">
    <skipped/>
  </testcase> <!-- Loan_DepositACH_ -->
  <testcase name="Loan_1stInstpartialpayment_1stInstdeposit_" time="0.013" classname="pack.EPP_ILP">
    <skipped/>
  </testcase> <!-- Loan_1stInstpartialpayment_1stInstdeposit_ -->
  <testcase name="AA_Loan_ACHRevoke_1stInsatallmentDeposit" time="0.012" classname="pack.EPP_ILP">
    <skipped/>
  </testcase> <!-- AA_Loan_ACHRevoke_1stInsatallmentDeposit -->
  <testcase name="AA_Loan_ACHRevoke_1stInsatallmentPayment_ACHAuthorization_2ndIsatallmentDeposit" time="0.028" classname="pack.EPP_ILP">
    <skipped/>
  </testcase> <!-- AA_Loan_ACHRevoke_1stInsatallmentPayment_ACHAuthorization_2ndIsatallmentDeposit -->
  <testcase name="Loan_1stInstDeposit_Rtn" time="0.018" classname="pack.EPP_ILP">
    <skipped/>
  </testcase> <!-- Loan_1stInstDeposit_Rtn -->
  <testcase name="Loan_1stParPmt_1stDep_Ret_" time="0.020" classname="pack.EPP_ILP">
    <skipped/>
  </testcase> <!-- Loan_1stParPmt_1stDep_Ret_ -->
  <testcase name="AA_Loan_ACHRevoke_1stInsatallmentDeposit_Clear" time="0.013" classname="pack.EPP_ILP">
    <skipped/>
  </testcase> <!-- AA_Loan_ACHRevoke_1stInsatallmentDeposit_Clear -->
  <testcase name="Login_Homescreen_Borrower_Registration_NewLoan_SemiMonthly" time="0.019" classname="pack.EPP_ILP">
    <skipped/>
  </testcase> <!-- Login_Homescreen_Borrower_Registration_NewLoan_SemiMonthly -->
  <testcase name="Loan_PmtAllExceptLast_DepLast_Clear_Return_" time="0.020" classname="pack.EPP_ILP">
    <skipped/>
  </testcase> <!-- Loan_PmtAllExceptLast_DepLast_Clear_Return_ -->
  <testcase name="Loan_1stdeposit_clr_payoff_clear_return_" time="0.032" classname="pack.EPP_ILP">
    <skipped/>
  </testcase> <!-- Loan_1stdeposit_clr_payoff_clear_return_ -->
  <testcase name="AA_Loan1stInsatallmentEODbatchprocess_Cure_Default" time="0.011" classname="pack.EPP_ILP">
    <skipped/>
  </testcase> <!-- AA_Loan1stInsatallmentEODbatchprocess_Cure_Default -->
  <testcase name="AA_Loan1stInsatallmentEODbatchprocess_Cure_BeforeCureenddateDefault" time="0.012" classname="pack.EPP_ILP">
    <skipped/>
  </testcase> <!-- AA_Loan1stInsatallmentEODbatchprocess_Cure_BeforeCureenddateDefault -->
  <testcase name="Loan_PmtAllInstExceptLast_DFLTLastInst_" time="0.015" classname="pack.EPP_ILP">
    <skipped/>
  </testcase> <!-- Loan_PmtAllInstExceptLast_DFLTLastInst_ -->
  <testcase name="AA_Loan1stInsatallmentEODbatchprocess_Cure_1stInsatllPayment_CureenddateDefault" time="0.015" classname="pack.EPP_ILP">
    <skipped/>
  </testcase> <!-- AA_Loan1stInsatallmentEODbatchprocess_Cure_1stInsatllPayment_CureenddateDefault -->
  <testcase name="AA_Loan1stInsatallmentEODbatchprocess_Cure_Less1stInsatllPayment_CureenddateDefault" time="0.025" classname="pack.EPP_ILP">
    <skipped/>
  </testcase> <!-- AA_Loan1stInsatallmentEODbatchprocess_Cure_Less1stInsatllPayment_CureenddateDefault -->
  <testcase name="CO_ILP_Loan_DefaulPayment_Void" time="0.011" classname="pack.EPP_ILP">
    <skipped/>
  </testcase> <!-- CO_ILP_Loan_DefaulPayment_Void -->
  <testcase name="CO_ILP_Loan_DefaulPartialPayment_EncryptionVoid" time="0.012" classname="pack.EPP_ILP">
    <skipped/>
  </testcase> <!-- CO_ILP_Loan_DefaulPartialPayment_EncryptionVoid -->
  <testcase name="LonI_DFLT_Pymt_15percentofDFLTamt_EODbatchprocess_DFLTPLUS120" time="0.012" classname="pack.EPP_ILP">
    <skipped/>
  </testcase> <!-- LonI_DFLT_Pymt_15percentofDFLTamt_EODbatchprocess_DFLTPLUS120 -->
  <testcase name="LonI_DFLT_Pymt_20percentofDFLTamt_EODbatchprocess_DFLTPLUS60" time="0.014" classname="pack.EPP_ILP">
    <skipped/>
  </testcase> <!-- LonI_DFLT_Pymt_20percentofDFLTamt_EODbatchprocess_DFLTPLUS60 -->
  <testcase name="Loan_DFLT_WO_WORecFullWithAllTenderTypes_" time="0.012" classname="pack.EPP_ILP">
    <skipped/>
  </testcase> <!-- Loan_DFLT_WO_WORecFullWithAllTenderTypes_ -->
  <testcase name="Loan_DFLT_WO_WORecPartPmtWithAllTenderTypes_" time="0.012" classname="pack.EPP_ILP">
    <skipped/>
  </testcase> <!-- Loan_DFLT_WO_WORecPartPmtWithAllTenderTypes_ -->
  <testcase name="Loan_DFLT_WO_WORecFull_VoidWithAllTenderTypes" time="0.020" classname="pack.EPP_ILP">
    <skipped/>
  </testcase> <!-- Loan_DFLT_WO_WORecFull_VoidWithAllTenderTypes -->
  <testcase name="Loan_DFLT_WO_WORecPartPmt_VoidNextDay" time="0.019" classname="pack.EPP_ILP">
    <skipped/>
  </testcase> <!-- Loan_DFLT_WO_WORecPartPmt_VoidNextDay -->
  <testcase name="DFLTLoan_EPPConvert_PpayAllInst_VoidLastInst_" time="0.012" classname="pack.EPP_ILP">
    <skipped/>
  </testcase> <!-- DFLTLoan_EPPConvert_PpayAllInst_VoidLastInst_ -->
  <testcase name="Pick_ILP_WriteOff_ConvertEpp_DepositAllinstOnduedate_Clear" time="0.013" classname="pack.EPP_ILP">
    <skipped/>
  </testcase> <!-- Pick_ILP_WriteOff_ConvertEpp_DepositAllinstOnduedate_Clear -->
  <testcase name="Pick_ILP_WriteoffLoan_ConvertEPP_PPayAllInstallementBeforeDueDate_Void" time="0.035" classname="pack.EPP_ILP">
    <skipped/>
  </testcase> <!-- Pick_ILP_WriteoffLoan_ConvertEPP_PPayAllInstallementBeforeDueDate_Void -->
  <testcase name="LonI_WO_PPN_1stInstpymt_VoidPymt_RunEODbatch35daysfromduedate" time="0.011" classname="pack.EPP_ILP">
    <skipped/>
  </testcase> <!-- LonI_WO_PPN_1stInstpymt_VoidPymt_RunEODbatch35daysfromduedate -->
  <testcase name="CO_ILP_Loan_first_payment_BNK_Second_deposit" time="0.013" classname="pack.EPP_ILP">
    <skipped/>
  </testcase> <!-- CO_ILP_Loan_first_payment_BNK_Second_deposit -->
  <testcase name="LonI_Bnkrupt_Dismissed" time="0.020" classname="pack.EPP_ILP">
    <skipped/>
  </testcase> <!-- LonI_Bnkrupt_Dismissed -->
  <testcase name="LonI_Bnkrupt_Deceased" time="0.022" classname="pack.EPP_ILP">
    <skipped/>
  </testcase> <!-- LonI_Bnkrupt_Deceased -->
  <testcase name="LonI_Bnkrupt_Discharge" time="0.013" classname="pack.EPP_ILP">
    <skipped/>
  </testcase> <!-- LonI_Bnkrupt_Discharge -->
  <testcase name="LonI_Deceased" time="0.019" classname="pack.EPP_ILP">
    <skipped/>
  </testcase> <!-- LonI_Deceased -->
  <testcase name="LonI_DFLT_PPN_BNK_1InstDeposit" time="0.022" classname="pack.EPP_ILP">
    <skipped/>
  </testcase> <!-- LonI_DFLT_PPN_BNK_1InstDeposit -->
  <testcase name="Loan_1stpayment_activemilitary_2ndpayment_" time="0.018" classname="pack.EPP_ILP">
    <skipped/>
  </testcase> <!-- Loan_1stpayment_activemilitary_2ndpayment_ -->
  <testcase name="LonI_IstInstPayment_ACTM_2ndInstDeposit_Verify_Record" time="0.011" classname="pack.EPP_ILP">
    <skipped/>
  </testcase> <!-- LonI_IstInstPayment_ACTM_2ndInstDeposit_Verify_Record -->
  <testcase name="LonI_IstInstPayment_ACTM_ACHRevoke_2ndInstDeposit_Verify_Record" time="0.021" classname="pack.EPP_ILP">
    <skipped/>
  </testcase> <!-- LonI_IstInstPayment_ACTM_ACHRevoke_2ndInstDeposit_Verify_Record -->
  <testcase name="DFLTLoan_EPPConvert_DepositAll_ClearAll_" time="0.016" classname="pack.EPP_ILP">
    <skipped/>
  </testcase> <!-- DFLTLoan_EPPConvert_DepositAll_ClearAll_ -->
  <testcase name="Loan_Bankrupt_Void_" time="0.000" classname="pack.EPP_ILP">
    <skipped/>
  </testcase> <!-- Loan_Bankrupt_Void_ -->
  <testcase name="DFLTLoan_EPPConvert_PpayAllInst_" time="0.000" classname="pack.EPP_ILP">
    <skipped/>
  </testcase> <!-- DFLTLoan_EPPConvert_PpayAllInst_ -->
</testsuite> <!-- pack.EPP_ILP -->
