<?xml version="1.0" encoding="UTF-8"?>
<!-- Generated by org.testng.reporters.JUnitReportReporter -->
<testsuite skipped="0" hostname="QTLSYS2-34" name="pack.practice" tests="1" failures="0" timestamp="19 Nov 2019 09:18:48 GMT" time="4.574" errors="0">
  <testcase name="Loanpartialpmt" time="4.574" classname="pack.practice"/>
</testsuite> <!-- pack.practice -->
