<?xml version="1.0" encoding="UTF-8"?>
<!-- Generated by org.testng.reporters.JUnitReportReporter -->
<testsuite skipped="0" hostname="QTLSYS2-34" name="pack.AA_CO_ILP" tests="5" failures="0" timestamp="25 Oct 2019 05:41:13 GMT" time="2515.417" errors="0">
  <testcase name="LonI_Bnkrupt_Dismissed" time="466.206" classname="pack.AA_CO_ILP"/>
  <testcase name="LonI_Bnkrupt_Deceased" time="456.192" classname="pack.AA_CO_ILP"/>
  <testcase name="LonI_Bnkrupt_Discharge" time="443.033" classname="pack.AA_CO_ILP"/>
  <testcase name="Loan_Bankrupt_Void_" time="362.360" classname="pack.AA_CO_ILP"/>
  <testcase name="DFLTLoan_EPPConvert_PpayAllInst_" time="787.626" classname="pack.AA_CO_ILP"/>
</testsuite> <!-- pack.AA_CO_ILP -->
