<?xml version="1.0" encoding="UTF-8"?>
<!-- Generated by org.testng.reporters.JUnitReportReporter -->
<testsuite skipped="0" hostname="QTLSYS2-94" name="pack.AA_OH_ILP_Smoke" tests="1" failures="0" timestamp="29 Jul 2019 06:36:46 GMT" time="795.785" errors="0">
  <testcase name="LOAN_partialpayment_DLQ_Cure_DEF_PartialdefPayment_PPN_1payment_Void_PPNdefpayment_WO120_WOR" time="795.785" classname="pack.AA_OH_ILP_Smoke"/>
</testsuite> <!-- pack.AA_OH_ILP_Smoke -->
