<?xml version="1.0" encoding="UTF-8"?>
<!-- Generated by org.testng.reporters.JUnitReportReporter -->
<testsuite skipped="0" hostname="QTLSYS2-34" name="pack.AA_OK_ILP" tests="4" failures="0" timestamp="23 Jul 2020 14:41:21 GMT" time="3127.126" errors="0">
  <testcase name="Loan_PaymentallInstOnduedate_ExceptLastInst_LastDeposit_Return" time="830.781" classname="pack.AA_OK_ILP"/>
  <testcase name="AA_Loan_ACHRevoke_1stInsatallmentDeposit_Clear" time="636.423" classname="pack.AA_OK_ILP"/>
  <testcase name="Loan_PmtAllExceptLast_DepLast_Clear_Return_" time="912.156" classname="pack.AA_OK_ILP"/>
  <testcase name="Loan_1stdeposit_clr_payoff_clear_return_" time="747.766" classname="pack.AA_OK_ILP"/>
</testsuite> <!-- pack.AA_OK_ILP -->
