<?xml version="1.0" encoding="UTF-8"?>
<!-- Generated by org.testng.reporters.JUnitReportReporter -->
<testsuite skipped="0" hostname="QTLSYS2-34" name="pack.AA_Refinance_OK_ILP" tests="1" failures="0" timestamp="04 Aug 2020 09:26:01 GMT" time="40.692" errors="0">
  <testcase name="Login_Newloan_Deposit_Clear_RefinanceinPAM" time="40.692" classname="pack.AA_Refinance_OK_ILP"/>
</testsuite> <!-- pack.AA_Refinance_OK_ILP -->
