<?xml version="1.0" encoding="UTF-8"?>
<!-- Generated by org.testng.reporters.JUnitReportReporter -->
<testsuite skipped="0" hostname="qtlsys2-17" name="pack.AA_CO_ILP_Smoke" tests="2" failures="0" timestamp="22 Jul 2019 07:00:59 GMT" time="1440.615" errors="0">
  <testcase name="LOAN_Payment_PBNK_Void_BNK_Dismiss_WOR" time="661.394" classname="pack.AA_CO_ILP_Smoke"/>
  <testcase name="LOAN_partialpayment_DLQ_Cure_DEF_PartialdefPayment_PPN_1payment_Void_PPNdefpayment_WO120_WOR" time="779.221" classname="pack.AA_CO_ILP_Smoke"/>
</testsuite> <!-- pack.AA_CO_ILP_Smoke -->
