<?xml version="1.0" encoding="UTF-8"?>
<!-- Generated by org.testng.reporters.JUnitReportReporter -->
<testsuite skipped="0" hostname="QTLSYS2-34" name="pack.AA_FL_ILP_Smoke" tests="1" failures="0" timestamp="14 Sep 2019 06:45:26 GMT" time="143.556" errors="0">
  <testcase name="LOAN_Payment_PBNK_Void_BNK_Dismiss_WOR" time="143.556" classname="pack.AA_FL_ILP_Smoke"/>
</testsuite> <!-- pack.AA_FL_ILP_Smoke -->
