<?xml version="1.0" encoding="UTF-8"?>
<!-- Generated by org.testng.reporters.JUnitReportReporter -->
<testsuite skipped="0" hostname="QTLSYS2-34" name="pack.AA_PDL_RULE" tests="1" failures="0" timestamp="03 Aug 2020 13:39:28 GMT" time="145.924" errors="0">
  <testcase name="BorrRegistration_NewLoan_performRPP_shouldnotallow" time="145.924" classname="pack.AA_PDL_RULE"/>
</testsuite> <!-- pack.AA_PDL_RULE -->
