<?xml version="1.0" encoding="UTF-8"?>
<!-- Generated by org.testng.reporters.JUnitReportReporter -->
<testsuite skipped="0" hostname="QTLSYS2-34" name="pack.AA_FL_PDL_Smoke" tests="1" failures="0" timestamp="06 Mar 2020 11:03:24 GMT" time="1398.153" errors="0">
  <testcase name="Loan_Agethestoreto6Businessdays_ProcessPreNoteDep_PreNoteDep_PreNoteClear" time="1398.153" classname="pack.AA_FL_PDL_Smoke"/>
</testsuite> <!-- pack.AA_FL_PDL_Smoke -->
