<?xml version="1.0" encoding="UTF-8"?>
<!-- Generated by org.testng.reporters.JUnitReportReporter -->
<testsuite skipped="0" hostname="QTLSYS2-34" name="pack.AA_CA_PDL" tests="6" failures="0" timestamp="17 Feb 2020 09:53:07 GMT" time="1826.054" errors="0">
  <testcase name="NewLoan_Deposit_Return_Prenotedeposit" time="380.241" classname="pack.AA_CA_PDL"/>
  <testcase name="Loan__ACHOptOutBeforePrenotedate_PrenoteDepositShouldnotpost" time="231.945" classname="pack.AA_CA_PDL"/>
  <testcase name="ACH_Nacha_AchDepAdmin" time="308.021" classname="pack.AA_CA_PDL"/>
  <testcase name="LoanWithACH_PartialPayment_Nacha_ACHDepositFromAdmin_checkherethedepositedamount" time="378.139" classname="pack.AA_CA_PDL"/>
  <testcase name="ACHLoan_ACHRev_ACHAuth_ACHDep_CheckDepwithNewBnkDet" time="370.584" classname="pack.AA_CA_PDL"/>
  <testcase name="PartialPayment_MultipleTenderTypes" time="157.124" classname="pack.AA_CA_PDL"/>
</testsuite> <!-- pack.AA_CA_PDL -->
