<?xml version="1.0" encoding="UTF-8"?>
<!-- Generated by org.testng.reporters.JUnitReportReporter -->
<testsuite skipped="0" hostname="QTLSYS2-34" name="pack.AA_FL_PDL" tests="1" failures="0" timestamp="26 Feb 2020 09:05:18 GMT" time="464.476" errors="0">
  <testcase name="Newloan_PartialPayment_Deposit_Clear_Refund" time="464.476" classname="pack.AA_FL_PDL"/>
</testsuite> <!-- pack.AA_FL_PDL -->
